 OCT 27, 2020      TEXAS DEPARTMENT OF TRANSPORTATION (TxDOT)           PAGE  1
 CULV5                CONCRETE BOX CULVERT ANALYSIS                 Version 2.2

              Example 8 - Precast Culvert with 7 inch hanuches and full of water 

              CODED BY : BRG                                                    

 PROB 1 ~ 6ft X 5ft Precast Box Culvert W/ 14ft fill and full of water          



 -- CULVERT, SPEC DATA (* DENOTES DEFAULT) --

 LOAD FACTOR DESIGN                      ANALYSIS PROBLEM                      
 LIVE LOADING               =   HS20     OMIT LIVE LOAD AS PER SPECS =    YES *
 GAMMA FACTOR               =   1.30 *   AXLE WT FOR OVERLOAD (LB)   =   0.00 *
 BETA FACTOR FOR DL         =   1.00 *   PRINT 10TH PT MOMTS & SHRS  =    YES *
 BETA FACTOR FOR LL         =   1.67 *   PRINT INFLUENCE LINES       =     NO *
 SOIL WEIGHT (PCF)          = 120.00 *   CONCRETE WEIGHT (PCF)       = 150.00 *
 IMPACT FACTOR              =   0.00                                           
 NUMBER OF BARRELS          =      1     FLOOR SPPORT                =   SNGL  
 CLEAR SPAN (FT)            =   6.00     CLEAR HEIGHT (FT)           =   5.00  
 TOP SLAB THICKNESS (IN)    =   8.00     BOTTOM SLAB THICKNESS (IN)  =   7.00  
 EXT WALL THICKNESS (IN)    =   7.00     INT WALL THICKNESS (IN)     =   7.00  
 DEPTH OF FILL (FT)         =  14.00     LIVE LOAD SURCHARGE (FT)    =   2.00 *
 MAX LAT SOIL PRESSURE (PCF)=  40.00 *   MIN LAT SOIL PRESSURE (PCF) =  20.00 *
 TOP HAUNCH WIDTH (IN)      =   7.00     BOTTOM HAUNCH WIDTH (IN)    =   7.00  
 WATER DENSITY (PCF)        =   64.0                                           


 -- EXTRA DEAD LOAD --

 NONE

 OCT 27, 2020      TEXAS DEPARTMENT OF TRANSPORTATION (TxDOT)           PAGE  2
 CULV5                CONCRETE BOX CULVERT ANALYSIS                 Version 2.2

              Example 8 - Precast Culvert with 7 inch hanuches and full of water 

              CODED BY : BRG                                                    

 PROB 1 ~ 6ft X 5ft Precast Box Culvert W/ 14ft fill and full of water          


 -- SUMMARY OF MAXIMUM FACTORED MOMENTS, SHEARS AND AXIAL FORCES --

 BM 10TH --- MOMENTS (KFT) ---- ----- SHEARS (K) ------ -- @AXIAL FORCES (K) --
 NO  PT LDNG #1 LDNG #2 LDNG #3 LDNG #1 LDNG #2 LDNG #3 LDNG #1 LDNG #2 LDNG #3
 
 1 -  0  -6.853  -7.154  -7.452   1.698   2.213   2.983  -7.617  -7.617  -7.617
 1 -  1  -5.980  -6.008  -5.937   1.410   1.860   2.407  -7.617  -7.617  -7.617
 1 -  2  -5.266  -5.063  -4.741   1.130   1.499   1.848  -7.617  -7.617  -7.617
 1 -  3  -4.707  -4.323  -3.854   0.859   1.132   1.306  -7.617  -7.617  -7.617
 1 -  4  -4.298  -3.791  -3.269   0.596   0.758   0.779  -7.617  -7.617  -7.617
 1 -  5  -4.035  -3.471  -2.974   0.341   0.377   0.270  -7.617  -7.617  -7.617
 1 -  6  -3.913  -3.368  -2.962   0.094  -0.011  -0.224  -7.617  -7.617  -7.617
 1 -  7  -3.928  -3.485  -3.223  -0.144  -0.406  -0.700  -7.617  -7.617  -7.617
 1 -  8  -4.074  -3.826  -3.747  -0.374  -0.808  -1.161  -7.617  -7.617  -7.617
 1 -  9  -4.347  -4.395  -4.526  -0.596  -1.217  -1.605  -7.617  -7.617  -7.617
 1 - 10  -4.743  -5.196  -5.549  -0.810  -1.632  -2.032  -7.617  -7.617  -7.617
 
 2 -  0  -4.743  -5.196  -5.549   7.617   7.617   7.617  -0.760  -1.587  -1.990
 2 -  1  -0.230  -0.683  -1.036   6.094   6.094   6.094  -0.760  -1.587  -1.990
 2 -  2   3.280   2.827   2.474   4.570   4.570   4.570  -0.760  -1.587  -1.990
 2 -  3   5.787   5.335   4.981   3.047   3.047   3.047  -0.760  -1.587  -1.990
 2 -  4   7.292   6.839   6.485   1.523   1.523   1.523  -0.760  -1.587  -1.990
 2 -  5   7.793   7.340   6.987   0.000   0.000   0.000  -0.760  -1.587  -1.990
 2 -  6   7.292   6.839   6.485  -1.523  -1.523  -1.523  -0.760  -1.587  -1.990
 2 -  7   5.787   5.335   4.981  -3.047  -3.047  -3.047  -0.760  -1.587  -1.990
 2 -  8   3.280   2.827   2.474  -4.570  -4.570  -4.570  -0.760  -1.587  -1.990
 2 -  9  -0.230  -0.683  -1.036  -6.094  -6.094  -6.094  -0.760  -1.587  -1.990
 2 - 10  -4.743  -5.196  -5.549  -7.617  -7.617  -7.617  -0.760  -1.587  -1.990
 
 4 -  0  -6.853  -7.154  -7.452   8.257   8.257   8.257  -1.698  -2.213  -2.983
 4 -  1  -1.961  -2.262  -2.560   6.605   6.605   6.605  -1.698  -2.213  -2.983
 4 -  2   1.844   1.543   1.245   4.954   4.954   4.954  -1.698  -2.213  -2.983
 4 -  3   4.561   4.261   3.963   3.303   3.303   3.303  -1.698  -2.213  -2.983
 4 -  4   6.192   5.892   5.594   1.651   1.651   1.651  -1.698  -2.213  -2.983
 4 -  5   6.736   6.436   6.137   0.000   0.000   0.000  -1.698  -2.213  -2.983
 4 -  6   6.192   5.892   5.594  -1.651  -1.651  -1.651  -1.698  -2.213  -2.983
 4 -  7   4.561   4.261   3.963  -3.303  -3.303  -3.303  -1.698  -2.213  -2.983
 4 -  8   1.844   1.543   1.245  -4.954  -4.954  -4.954  -1.698  -2.213  -2.983
 4 -  9  -1.961  -2.262  -2.560  -6.605  -6.605  -6.605  -1.698  -2.213  -2.983
 4 - 10  -6.853  -7.154  -7.452  -8.257  -8.257  -8.257  -1.698  -2.213  -2.983


 NOTE: LDNG #1 = 100%(VERT DL) + 100%(+VERT LL) +  50%(LAT DL)
       LDNG #2 = 100%(VERT DL) + 100%(-VERT LL) + 100%(LAT DL) + 100%(LAT LL)
       LDNG #3 = 100%(VERT DL) + 100%(LAT DL) + 100%(LAT LL)
       @ = AXIAL FORCES CORRESPONDING WITH MAXIMUM MOMENTS AT SAME SECTION
